Determining if the pthread_create exist failed with the following output:
Change Dir: /home/eeit/roboarm/catkin_ws/src/rrbot_description/CMakeFiles/CMakeTmp

Run Build Command:/usr/bin/make "cmTryCompileExec1274975676/fast"
/usr/bin/make -f CMakeFiles/cmTryCompileExec1274975676.dir/build.make CMakeFiles/cmTryCompileExec1274975676.dir/build
make[1]: Entering directory `/home/eeit/roboarm/catkin_ws/src/rrbot_description/CMakeFiles/CMakeTmp'
/usr/bin/cmake -E cmake_progress_report /home/eeit/roboarm/catkin_ws/src/rrbot_description/CMakeFiles/CMakeTmp/CMakeFiles 1
Building C object CMakeFiles/cmTryCompileExec1274975676.dir/CheckSymbolExists.c.o
/usr/bin/cc    -o CMakeFiles/cmTryCompileExec1274975676.dir/CheckSymbolExists.c.o   -c /home/eeit/roboarm/catkin_ws/src/rrbot_description/CMakeFiles/CMakeTmp/CheckSymbolExists.c
Linking C executable cmTryCompileExec1274975676
/usr/bin/cmake -E cmake_link_script CMakeFiles/cmTryCompileExec1274975676.dir/link.txt --verbose=1
/usr/bin/cc       CMakeFiles/cmTryCompileExec1274975676.dir/CheckSymbolExists.c.o  -o cmTryCompileExec1274975676 -rdynamic 
CMakeFiles/cmTryCompileExec1274975676.dir/CheckSymbolExists.c.o: In function `main':
CheckSymbolExists.c:(.text+0x16): undefined reference to `pthread_create'
collect2: error: ld returned 1 exit status
make[1]: *** [cmTryCompileExec1274975676] Error 1
make[1]: Leaving directory `/home/eeit/roboarm/catkin_ws/src/rrbot_description/CMakeFiles/CMakeTmp'
make: *** [cmTryCompileExec1274975676/fast] Error 2

File /home/eeit/roboarm/catkin_ws/src/rrbot_description/CMakeFiles/CMakeTmp/CheckSymbolExists.c:
/* */
#include <pthread.h>

int main(int argc, char** argv)
{
  (void)argv;
#ifndef pthread_create
  return ((int*)(&pthread_create))[argc];
#else
  (void)argc;
  return 0;
#endif
}

Determining if the function pthread_create exists in the pthreads failed with the following output:
Change Dir: /home/eeit/roboarm/catkin_ws/src/rrbot_description/CMakeFiles/CMakeTmp

Run Build Command:/usr/bin/make "cmTryCompileExec3754202848/fast"
/usr/bin/make -f CMakeFiles/cmTryCompileExec3754202848.dir/build.make CMakeFiles/cmTryCompileExec3754202848.dir/build
make[1]: Entering directory `/home/eeit/roboarm/catkin_ws/src/rrbot_description/CMakeFiles/CMakeTmp'
/usr/bin/cmake -E cmake_progress_report /home/eeit/roboarm/catkin_ws/src/rrbot_description/CMakeFiles/CMakeTmp/CMakeFiles 1
Building C object CMakeFiles/cmTryCompileExec3754202848.dir/CheckFunctionExists.c.o
/usr/bin/cc   -DCHECK_FUNCTION_EXISTS=pthread_create   -o CMakeFiles/cmTryCompileExec3754202848.dir/CheckFunctionExists.c.o   -c /usr/share/cmake-2.8/Modules/CheckFunctionExists.c
Linking C executable cmTryCompileExec3754202848
/usr/bin/cmake -E cmake_link_script CMakeFiles/cmTryCompileExec3754202848.dir/link.txt --verbose=1
/usr/bin/cc   -DCHECK_FUNCTION_EXISTS=pthread_create    CMakeFiles/cmTryCompileExec3754202848.dir/CheckFunctionExists.c.o  -o cmTryCompileExec3754202848 -rdynamic -lpthreads 
/usr/bin/ld: cannot find -lpthreads
collect2: error: ld returned 1 exit status
make[1]: *** [cmTryCompileExec3754202848] Error 1
make[1]: Leaving directory `/home/eeit/roboarm/catkin_ws/src/rrbot_description/CMakeFiles/CMakeTmp'
make: *** [cmTryCompileExec3754202848/fast] Error 2


Determining if the pthread_create exist failed with the following output:
Change Dir: /home/eeit/roboarm/catkin_ws/src/MYBOT_description/CMakeFiles/CMakeTmp

Run Build Command:/usr/bin/make "cmTryCompileExec1863255194/fast"
/usr/bin/make -f CMakeFiles/cmTryCompileExec1863255194.dir/build.make CMakeFiles/cmTryCompileExec1863255194.dir/build
make[1]: Entering directory `/home/eeit/roboarm/catkin_ws/src/MYBOT_description/CMakeFiles/CMakeTmp'
/usr/bin/cmake -E cmake_progress_report /home/eeit/roboarm/catkin_ws/src/MYBOT_description/CMakeFiles/CMakeTmp/CMakeFiles 1
Building C object CMakeFiles/cmTryCompileExec1863255194.dir/CheckSymbolExists.c.o
/usr/bin/cc    -o CMakeFiles/cmTryCompileExec1863255194.dir/CheckSymbolExists.c.o   -c /home/eeit/roboarm/catkin_ws/src/MYBOT_description/CMakeFiles/CMakeTmp/CheckSymbolExists.c
Linking C executable cmTryCompileExec1863255194
/usr/bin/cmake -E cmake_link_script CMakeFiles/cmTryCompileExec1863255194.dir/link.txt --verbose=1
/usr/bin/cc       CMakeFiles/cmTryCompileExec1863255194.dir/CheckSymbolExists.c.o  -o cmTryCompileExec1863255194 -rdynamic 
CMakeFiles/cmTryCompileExec1863255194.dir/CheckSymbolExists.c.o: In function `main':
CheckSymbolExists.c:(.text+0x16): undefined reference to `pthread_create'
collect2: error: ld returned 1 exit status
make[1]: *** [cmTryCompileExec1863255194] Error 1
make[1]: Leaving directory `/home/eeit/roboarm/catkin_ws/src/MYBOT_description/CMakeFiles/CMakeTmp'
make: *** [cmTryCompileExec1863255194/fast] Error 2

File /home/eeit/roboarm/catkin_ws/src/MYBOT_description/CMakeFiles/CMakeTmp/CheckSymbolExists.c:
/* */
#include <pthread.h>

int main(int argc, char** argv)
{
  (void)argv;
#ifndef pthread_create
  return ((int*)(&pthread_create))[argc];
#else
  (void)argc;
  return 0;
#endif
}

Determining if the function pthread_create exists in the pthreads failed with the following output:
Change Dir: /home/eeit/roboarm/catkin_ws/src/MYBOT_description/CMakeFiles/CMakeTmp

Run Build Command:/usr/bin/make "cmTryCompileExec2508713015/fast"
/usr/bin/make -f CMakeFiles/cmTryCompileExec2508713015.dir/build.make CMakeFiles/cmTryCompileExec2508713015.dir/build
make[1]: Entering directory `/home/eeit/roboarm/catkin_ws/src/MYBOT_description/CMakeFiles/CMakeTmp'
/usr/bin/cmake -E cmake_progress_report /home/eeit/roboarm/catkin_ws/src/MYBOT_description/CMakeFiles/CMakeTmp/CMakeFiles 1
Building C object CMakeFiles/cmTryCompileExec2508713015.dir/CheckFunctionExists.c.o
/usr/bin/cc   -DCHECK_FUNCTION_EXISTS=pthread_create   -o CMakeFiles/cmTryCompileExec2508713015.dir/CheckFunctionExists.c.o   -c /usr/share/cmake-2.8/Modules/CheckFunctionExists.c
Linking C executable cmTryCompileExec2508713015
/usr/bin/cmake -E cmake_link_script CMakeFiles/cmTryCompileExec2508713015.dir/link.txt --verbose=1
/usr/bin/cc   -DCHECK_FUNCTION_EXISTS=pthread_create    CMakeFiles/cmTryCompileExec2508713015.dir/CheckFunctionExists.c.o  -o cmTryCompileExec2508713015 -rdynamic -lpthreads 
/usr/bin/ld: cannot find -lpthreads
collect2: error: ld returned 1 exit status
make[1]: *** [cmTryCompileExec2508713015] Error 1
make[1]: Leaving directory `/home/eeit/roboarm/catkin_ws/src/MYBOT_description/CMakeFiles/CMakeTmp'
make: *** [cmTryCompileExec2508713015/fast] Error 2


