Determining if the pthread_create exist failed with the following output:
Change Dir: /home/eeit/roboarm/ros_ws/brazo_fer/build/CMakeFiles/CMakeTmp

Run Build Command:/usr/bin/make "cmTryCompileExec2174347528/fast"
make[1]: Entering directory `/home/eeit/roboarm/ros_ws/brazo_fer/build/CMakeFiles/CMakeTmp'
/usr/bin/make -f CMakeFiles/cmTryCompileExec2174347528.dir/build.make CMakeFiles/cmTryCompileExec2174347528.dir/build
make[2]: Entering directory `/home/eeit/roboarm/ros_ws/brazo_fer/build/CMakeFiles/CMakeTmp'
/usr/bin/cmake -E cmake_progress_report /home/eeit/roboarm/ros_ws/brazo_fer/build/CMakeFiles/CMakeTmp/CMakeFiles 1
Building C object CMakeFiles/cmTryCompileExec2174347528.dir/CheckSymbolExists.c.o
/usr/bin/cc    -o CMakeFiles/cmTryCompileExec2174347528.dir/CheckSymbolExists.c.o   -c /home/eeit/roboarm/ros_ws/brazo_fer/build/CMakeFiles/CMakeTmp/CheckSymbolExists.c
Linking C executable cmTryCompileExec2174347528
/usr/bin/cmake -E cmake_link_script CMakeFiles/cmTryCompileExec2174347528.dir/link.txt --verbose=1
/usr/bin/cc       CMakeFiles/cmTryCompileExec2174347528.dir/CheckSymbolExists.c.o  -o cmTryCompileExec2174347528 -rdynamic 
CMakeFiles/cmTryCompileExec2174347528.dir/CheckSymbolExists.c.o: In function `main':
CheckSymbolExists.c:(.text+0x16): undefined reference to `pthread_create'
collect2: error: ld returned 1 exit status
make[2]: *** [cmTryCompileExec2174347528] Error 1
make[2]: Leaving directory `/home/eeit/roboarm/ros_ws/brazo_fer/build/CMakeFiles/CMakeTmp'
make[1]: *** [cmTryCompileExec2174347528/fast] Error 2
make[1]: Leaving directory `/home/eeit/roboarm/ros_ws/brazo_fer/build/CMakeFiles/CMakeTmp'

File /home/eeit/roboarm/ros_ws/brazo_fer/build/CMakeFiles/CMakeTmp/CheckSymbolExists.c:
/* */
#include <pthread.h>

int main(int argc, char** argv)
{
  (void)argv;
#ifndef pthread_create
  return ((int*)(&pthread_create))[argc];
#else
  (void)argc;
  return 0;
#endif
}

Determining if the function pthread_create exists in the pthreads failed with the following output:
Change Dir: /home/eeit/roboarm/ros_ws/brazo_fer/build/CMakeFiles/CMakeTmp

Run Build Command:/usr/bin/make "cmTryCompileExec1546298638/fast"
make[1]: Entering directory `/home/eeit/roboarm/ros_ws/brazo_fer/build/CMakeFiles/CMakeTmp'
/usr/bin/make -f CMakeFiles/cmTryCompileExec1546298638.dir/build.make CMakeFiles/cmTryCompileExec1546298638.dir/build
make[2]: Entering directory `/home/eeit/roboarm/ros_ws/brazo_fer/build/CMakeFiles/CMakeTmp'
/usr/bin/cmake -E cmake_progress_report /home/eeit/roboarm/ros_ws/brazo_fer/build/CMakeFiles/CMakeTmp/CMakeFiles 1
Building C object CMakeFiles/cmTryCompileExec1546298638.dir/CheckFunctionExists.c.o
/usr/bin/cc   -DCHECK_FUNCTION_EXISTS=pthread_create   -o CMakeFiles/cmTryCompileExec1546298638.dir/CheckFunctionExists.c.o   -c /usr/share/cmake-2.8/Modules/CheckFunctionExists.c
Linking C executable cmTryCompileExec1546298638
/usr/bin/cmake -E cmake_link_script CMakeFiles/cmTryCompileExec1546298638.dir/link.txt --verbose=1
/usr/bin/cc   -DCHECK_FUNCTION_EXISTS=pthread_create    CMakeFiles/cmTryCompileExec1546298638.dir/CheckFunctionExists.c.o  -o cmTryCompileExec1546298638 -rdynamic -lpthreads 
/usr/bin/ld: cannot find -lpthreads
collect2: error: ld returned 1 exit status
make[2]: *** [cmTryCompileExec1546298638] Error 1
make[2]: Leaving directory `/home/eeit/roboarm/ros_ws/brazo_fer/build/CMakeFiles/CMakeTmp'
make[1]: *** [cmTryCompileExec1546298638/fast] Error 2
make[1]: Leaving directory `/home/eeit/roboarm/ros_ws/brazo_fer/build/CMakeFiles/CMakeTmp'


