Determining if the pthread_create exist failed with the following output:
Change Dir: /home/eeit/roboarm/catkin_ws/src/ros_tut/CMakeFiles/CMakeTmp

Run Build Command:/usr/bin/make "cmTryCompileExec3609423694/fast"
/usr/bin/make -f CMakeFiles/cmTryCompileExec3609423694.dir/build.make CMakeFiles/cmTryCompileExec3609423694.dir/build
make[1]: Entering directory `/home/eeit/roboarm/catkin_ws/src/ros_tut/CMakeFiles/CMakeTmp'
/usr/bin/cmake -E cmake_progress_report /home/eeit/roboarm/catkin_ws/src/ros_tut/CMakeFiles/CMakeTmp/CMakeFiles 1
Building C object CMakeFiles/cmTryCompileExec3609423694.dir/CheckSymbolExists.c.o
/usr/bin/cc    -o CMakeFiles/cmTryCompileExec3609423694.dir/CheckSymbolExists.c.o   -c /home/eeit/roboarm/catkin_ws/src/ros_tut/CMakeFiles/CMakeTmp/CheckSymbolExists.c
Linking C executable cmTryCompileExec3609423694
/usr/bin/cmake -E cmake_link_script CMakeFiles/cmTryCompileExec3609423694.dir/link.txt --verbose=1
/usr/bin/cc       CMakeFiles/cmTryCompileExec3609423694.dir/CheckSymbolExists.c.o  -o cmTryCompileExec3609423694 -rdynamic 
CMakeFiles/cmTryCompileExec3609423694.dir/CheckSymbolExists.c.o: In function `main':
CheckSymbolExists.c:(.text+0x16): undefined reference to `pthread_create'
collect2: error: ld returned 1 exit status
make[1]: *** [cmTryCompileExec3609423694] Error 1
make[1]: Leaving directory `/home/eeit/roboarm/catkin_ws/src/ros_tut/CMakeFiles/CMakeTmp'
make: *** [cmTryCompileExec3609423694/fast] Error 2

File /home/eeit/roboarm/catkin_ws/src/ros_tut/CMakeFiles/CMakeTmp/CheckSymbolExists.c:
/* */
#include <pthread.h>

int main(int argc, char** argv)
{
  (void)argv;
#ifndef pthread_create
  return ((int*)(&pthread_create))[argc];
#else
  (void)argc;
  return 0;
#endif
}

Determining if the function pthread_create exists in the pthreads failed with the following output:
Change Dir: /home/eeit/roboarm/catkin_ws/src/ros_tut/CMakeFiles/CMakeTmp

Run Build Command:/usr/bin/make "cmTryCompileExec1027798124/fast"
/usr/bin/make -f CMakeFiles/cmTryCompileExec1027798124.dir/build.make CMakeFiles/cmTryCompileExec1027798124.dir/build
make[1]: Entering directory `/home/eeit/roboarm/catkin_ws/src/ros_tut/CMakeFiles/CMakeTmp'
/usr/bin/cmake -E cmake_progress_report /home/eeit/roboarm/catkin_ws/src/ros_tut/CMakeFiles/CMakeTmp/CMakeFiles 1
Building C object CMakeFiles/cmTryCompileExec1027798124.dir/CheckFunctionExists.c.o
/usr/bin/cc   -DCHECK_FUNCTION_EXISTS=pthread_create   -o CMakeFiles/cmTryCompileExec1027798124.dir/CheckFunctionExists.c.o   -c /usr/share/cmake-2.8/Modules/CheckFunctionExists.c
Linking C executable cmTryCompileExec1027798124
/usr/bin/cmake -E cmake_link_script CMakeFiles/cmTryCompileExec1027798124.dir/link.txt --verbose=1
/usr/bin/cc   -DCHECK_FUNCTION_EXISTS=pthread_create    CMakeFiles/cmTryCompileExec1027798124.dir/CheckFunctionExists.c.o  -o cmTryCompileExec1027798124 -rdynamic -lpthreads 
/usr/bin/ld: cannot find -lpthreads
collect2: error: ld returned 1 exit status
make[1]: *** [cmTryCompileExec1027798124] Error 1
make[1]: Leaving directory `/home/eeit/roboarm/catkin_ws/src/ros_tut/CMakeFiles/CMakeTmp'
make: *** [cmTryCompileExec1027798124/fast] Error 2


