Determining if the pthread_create exist failed with the following output:
Change Dir: /home/eeit/roboarm/catkin_ws/build/CMakeFiles/CMakeTmp

Run Build Command:/usr/bin/make "cmTryCompileExec2641031541/fast"
/usr/bin/make -f CMakeFiles/cmTryCompileExec2641031541.dir/build.make CMakeFiles/cmTryCompileExec2641031541.dir/build
make[1]: Entering directory `/home/eeit/roboarm/catkin_ws/build/CMakeFiles/CMakeTmp'
/usr/bin/cmake -E cmake_progress_report /home/eeit/roboarm/catkin_ws/build/CMakeFiles/CMakeTmp/CMakeFiles 1
Building C object CMakeFiles/cmTryCompileExec2641031541.dir/CheckSymbolExists.c.o
/usr/bin/cc    -o CMakeFiles/cmTryCompileExec2641031541.dir/CheckSymbolExists.c.o   -c /home/eeit/roboarm/catkin_ws/build/CMakeFiles/CMakeTmp/CheckSymbolExists.c
Linking C executable cmTryCompileExec2641031541
/usr/bin/cmake -E cmake_link_script CMakeFiles/cmTryCompileExec2641031541.dir/link.txt --verbose=1
/usr/bin/cc       CMakeFiles/cmTryCompileExec2641031541.dir/CheckSymbolExists.c.o  -o cmTryCompileExec2641031541 -rdynamic 
CMakeFiles/cmTryCompileExec2641031541.dir/CheckSymbolExists.c.o: In function `main':
CheckSymbolExists.c:(.text+0x16): undefined reference to `pthread_create'
collect2: error: ld returned 1 exit status
make[1]: *** [cmTryCompileExec2641031541] Error 1
make[1]: Leaving directory `/home/eeit/roboarm/catkin_ws/build/CMakeFiles/CMakeTmp'
make: *** [cmTryCompileExec2641031541/fast] Error 2

File /home/eeit/roboarm/catkin_ws/build/CMakeFiles/CMakeTmp/CheckSymbolExists.c:
/* */
#include <pthread.h>

int main(int argc, char** argv)
{
  (void)argv;
#ifndef pthread_create
  return ((int*)(&pthread_create))[argc];
#else
  (void)argc;
  return 0;
#endif
}

Determining if the function pthread_create exists in the pthreads failed with the following output:
Change Dir: /home/eeit/roboarm/catkin_ws/build/CMakeFiles/CMakeTmp

Run Build Command:/usr/bin/make "cmTryCompileExec4167320111/fast"
/usr/bin/make -f CMakeFiles/cmTryCompileExec4167320111.dir/build.make CMakeFiles/cmTryCompileExec4167320111.dir/build
make[1]: Entering directory `/home/eeit/roboarm/catkin_ws/build/CMakeFiles/CMakeTmp'
/usr/bin/cmake -E cmake_progress_report /home/eeit/roboarm/catkin_ws/build/CMakeFiles/CMakeTmp/CMakeFiles 1
Building C object CMakeFiles/cmTryCompileExec4167320111.dir/CheckFunctionExists.c.o
/usr/bin/cc   -DCHECK_FUNCTION_EXISTS=pthread_create   -o CMakeFiles/cmTryCompileExec4167320111.dir/CheckFunctionExists.c.o   -c /usr/share/cmake-2.8/Modules/CheckFunctionExists.c
Linking C executable cmTryCompileExec4167320111
/usr/bin/cmake -E cmake_link_script CMakeFiles/cmTryCompileExec4167320111.dir/link.txt --verbose=1
/usr/bin/cc   -DCHECK_FUNCTION_EXISTS=pthread_create    CMakeFiles/cmTryCompileExec4167320111.dir/CheckFunctionExists.c.o  -o cmTryCompileExec4167320111 -rdynamic -lpthreads 
/usr/bin/ld: cannot find -lpthreads
collect2: error: ld returned 1 exit status
make[1]: *** [cmTryCompileExec4167320111] Error 1
make[1]: Leaving directory `/home/eeit/roboarm/catkin_ws/build/CMakeFiles/CMakeTmp'
make: *** [cmTryCompileExec4167320111/fast] Error 2


