Determining if the pthread_create exist failed with the following output:
Change Dir: /home/eeit/roboarm/catkin_ws/src/rrbot_gazebo/CMakeFiles/CMakeTmp

Run Build Command:/usr/bin/make "cmTryCompileExec3693537312/fast"
/usr/bin/make -f CMakeFiles/cmTryCompileExec3693537312.dir/build.make CMakeFiles/cmTryCompileExec3693537312.dir/build
make[1]: Entering directory `/home/eeit/roboarm/catkin_ws/src/rrbot_gazebo/CMakeFiles/CMakeTmp'
/usr/bin/cmake -E cmake_progress_report /home/eeit/roboarm/catkin_ws/src/rrbot_gazebo/CMakeFiles/CMakeTmp/CMakeFiles 1
Building C object CMakeFiles/cmTryCompileExec3693537312.dir/CheckSymbolExists.c.o
/usr/bin/cc    -o CMakeFiles/cmTryCompileExec3693537312.dir/CheckSymbolExists.c.o   -c /home/eeit/roboarm/catkin_ws/src/rrbot_gazebo/CMakeFiles/CMakeTmp/CheckSymbolExists.c
Linking C executable cmTryCompileExec3693537312
/usr/bin/cmake -E cmake_link_script CMakeFiles/cmTryCompileExec3693537312.dir/link.txt --verbose=1
/usr/bin/cc       CMakeFiles/cmTryCompileExec3693537312.dir/CheckSymbolExists.c.o  -o cmTryCompileExec3693537312 -rdynamic 
CMakeFiles/cmTryCompileExec3693537312.dir/CheckSymbolExists.c.o: In function `main':
CheckSymbolExists.c:(.text+0x16): undefined reference to `pthread_create'
collect2: error: ld returned 1 exit status
make[1]: Leaving directory `/home/eeit/roboarm/catkin_ws/src/rrbot_gazebo/CMakeFiles/CMakeTmp'
make[1]: *** [cmTryCompileExec3693537312] Error 1
make: *** [cmTryCompileExec3693537312/fast] Error 2

File /home/eeit/roboarm/catkin_ws/src/rrbot_gazebo/CMakeFiles/CMakeTmp/CheckSymbolExists.c:
/* */
#include <pthread.h>

int main(int argc, char** argv)
{
  (void)argv;
#ifndef pthread_create
  return ((int*)(&pthread_create))[argc];
#else
  (void)argc;
  return 0;
#endif
}

Determining if the function pthread_create exists in the pthreads failed with the following output:
Change Dir: /home/eeit/roboarm/catkin_ws/src/rrbot_gazebo/CMakeFiles/CMakeTmp

Run Build Command:/usr/bin/make "cmTryCompileExec543624595/fast"
/usr/bin/make -f CMakeFiles/cmTryCompileExec543624595.dir/build.make CMakeFiles/cmTryCompileExec543624595.dir/build
make[1]: Entering directory `/home/eeit/roboarm/catkin_ws/src/rrbot_gazebo/CMakeFiles/CMakeTmp'
/usr/bin/cmake -E cmake_progress_report /home/eeit/roboarm/catkin_ws/src/rrbot_gazebo/CMakeFiles/CMakeTmp/CMakeFiles 1
Building C object CMakeFiles/cmTryCompileExec543624595.dir/CheckFunctionExists.c.o
/usr/bin/cc   -DCHECK_FUNCTION_EXISTS=pthread_create   -o CMakeFiles/cmTryCompileExec543624595.dir/CheckFunctionExists.c.o   -c /usr/share/cmake-2.8/Modules/CheckFunctionExists.c
Linking C executable cmTryCompileExec543624595
/usr/bin/cmake -E cmake_link_script CMakeFiles/cmTryCompileExec543624595.dir/link.txt --verbose=1
/usr/bin/cc   -DCHECK_FUNCTION_EXISTS=pthread_create    CMakeFiles/cmTryCompileExec543624595.dir/CheckFunctionExists.c.o  -o cmTryCompileExec543624595 -rdynamic -lpthreads 
/usr/bin/ld: cannot find -lpthreads
collect2: error: ld returned 1 exit status
make[1]: *** [cmTryCompileExec543624595] Error 1
make[1]: Leaving directory `/home/eeit/roboarm/catkin_ws/src/rrbot_gazebo/CMakeFiles/CMakeTmp'
make: *** [cmTryCompileExec543624595/fast] Error 2


