Determining if the pthread_create exist failed with the following output:
Change Dir: /home/eeit/roboarm/catkin_ws/src/rrbot_control/CMakeFiles/CMakeTmp

Run Build Command:/usr/bin/make "cmTryCompileExec1255173488/fast"
/usr/bin/make -f CMakeFiles/cmTryCompileExec1255173488.dir/build.make CMakeFiles/cmTryCompileExec1255173488.dir/build
make[1]: Entering directory `/home/eeit/roboarm/catkin_ws/src/rrbot_control/CMakeFiles/CMakeTmp'
/usr/bin/cmake -E cmake_progress_report /home/eeit/roboarm/catkin_ws/src/rrbot_control/CMakeFiles/CMakeTmp/CMakeFiles 1
Building C object CMakeFiles/cmTryCompileExec1255173488.dir/CheckSymbolExists.c.o
/usr/bin/cc    -o CMakeFiles/cmTryCompileExec1255173488.dir/CheckSymbolExists.c.o   -c /home/eeit/roboarm/catkin_ws/src/rrbot_control/CMakeFiles/CMakeTmp/CheckSymbolExists.c
Linking C executable cmTryCompileExec1255173488
/usr/bin/cmake -E cmake_link_script CMakeFiles/cmTryCompileExec1255173488.dir/link.txt --verbose=1
/usr/bin/cc       CMakeFiles/cmTryCompileExec1255173488.dir/CheckSymbolExists.c.o  -o cmTryCompileExec1255173488 -rdynamic 
CMakeFiles/cmTryCompileExec1255173488.dir/CheckSymbolExists.c.o: In function `main':
CheckSymbolExists.c:(.text+0x16): undefined reference to `pthread_create'
collect2: error: ld returned 1 exit status
make[1]: *** [cmTryCompileExec1255173488] Error 1
make[1]: Leaving directory `/home/eeit/roboarm/catkin_ws/src/rrbot_control/CMakeFiles/CMakeTmp'
make: *** [cmTryCompileExec1255173488/fast] Error 2

File /home/eeit/roboarm/catkin_ws/src/rrbot_control/CMakeFiles/CMakeTmp/CheckSymbolExists.c:
/* */
#include <pthread.h>

int main(int argc, char** argv)
{
  (void)argv;
#ifndef pthread_create
  return ((int*)(&pthread_create))[argc];
#else
  (void)argc;
  return 0;
#endif
}

Determining if the function pthread_create exists in the pthreads failed with the following output:
Change Dir: /home/eeit/roboarm/catkin_ws/src/rrbot_control/CMakeFiles/CMakeTmp

Run Build Command:/usr/bin/make "cmTryCompileExec3048840099/fast"
/usr/bin/make -f CMakeFiles/cmTryCompileExec3048840099.dir/build.make CMakeFiles/cmTryCompileExec3048840099.dir/build
make[1]: Entering directory `/home/eeit/roboarm/catkin_ws/src/rrbot_control/CMakeFiles/CMakeTmp'
/usr/bin/cmake -E cmake_progress_report /home/eeit/roboarm/catkin_ws/src/rrbot_control/CMakeFiles/CMakeTmp/CMakeFiles 1
Building C object CMakeFiles/cmTryCompileExec3048840099.dir/CheckFunctionExists.c.o
/usr/bin/cc   -DCHECK_FUNCTION_EXISTS=pthread_create   -o CMakeFiles/cmTryCompileExec3048840099.dir/CheckFunctionExists.c.o   -c /usr/share/cmake-2.8/Modules/CheckFunctionExists.c
Linking C executable cmTryCompileExec3048840099
/usr/bin/cmake -E cmake_link_script CMakeFiles/cmTryCompileExec3048840099.dir/link.txt --verbose=1
/usr/bin/cc   -DCHECK_FUNCTION_EXISTS=pthread_create    CMakeFiles/cmTryCompileExec3048840099.dir/CheckFunctionExists.c.o  -o cmTryCompileExec3048840099 -rdynamic -lpthreads 
/usr/bin/ld: cannot find -lpthreads
collect2: error: ld returned 1 exit status
make[1]: *** [cmTryCompileExec3048840099] Error 1
make[1]: Leaving directory `/home/eeit/roboarm/catkin_ws/src/rrbot_control/CMakeFiles/CMakeTmp'
make: *** [cmTryCompileExec3048840099/fast] Error 2


Determining if the pthread_create exist failed with the following output:
Change Dir: /home/nagas/roboticArm_ROS/catkin_ws/src/arm_control/CMakeFiles/CMakeTmp

Run Build Command:/usr/bin/make "cmTryCompileExec2888227761/fast"
/usr/bin/make -f CMakeFiles/cmTryCompileExec2888227761.dir/build.make CMakeFiles/cmTryCompileExec2888227761.dir/build
make[1]: Entering directory `/home/nagas/roboticArm_ROS/catkin_ws/src/arm_control/CMakeFiles/CMakeTmp'
/usr/bin/cmake -E cmake_progress_report /home/nagas/roboticArm_ROS/catkin_ws/src/arm_control/CMakeFiles/CMakeTmp/CMakeFiles 1
Building C object CMakeFiles/cmTryCompileExec2888227761.dir/CheckSymbolExists.c.o
/usr/bin/cc    -o CMakeFiles/cmTryCompileExec2888227761.dir/CheckSymbolExists.c.o   -c /home/nagas/roboticArm_ROS/catkin_ws/src/arm_control/CMakeFiles/CMakeTmp/CheckSymbolExists.c
Linking C executable cmTryCompileExec2888227761
/usr/bin/cmake -E cmake_link_script CMakeFiles/cmTryCompileExec2888227761.dir/link.txt --verbose=1
/usr/bin/cc       CMakeFiles/cmTryCompileExec2888227761.dir/CheckSymbolExists.c.o  -o cmTryCompileExec2888227761 -rdynamic 
CMakeFiles/cmTryCompileExec2888227761.dir/CheckSymbolExists.c.o: In function `main':
CheckSymbolExists.c:(.text+0x16): undefined reference to `pthread_create'
collect2: error: ld returned 1 exit status
make[1]: Leaving directory `/home/nagas/roboticArm_ROS/catkin_ws/src/arm_control/CMakeFiles/CMakeTmp'
make[1]: *** [cmTryCompileExec2888227761] Error 1
make: *** [cmTryCompileExec2888227761/fast] Error 2

File /home/nagas/roboticArm_ROS/catkin_ws/src/arm_control/CMakeFiles/CMakeTmp/CheckSymbolExists.c:
/* */
#include <pthread.h>

int main(int argc, char** argv)
{
  (void)argv;
#ifndef pthread_create
  return ((int*)(&pthread_create))[argc];
#else
  (void)argc;
  return 0;
#endif
}

Determining if the function pthread_create exists in the pthreads failed with the following output:
Change Dir: /home/nagas/roboticArm_ROS/catkin_ws/src/arm_control/CMakeFiles/CMakeTmp

Run Build Command:/usr/bin/make "cmTryCompileExec1600370713/fast"
/usr/bin/make -f CMakeFiles/cmTryCompileExec1600370713.dir/build.make CMakeFiles/cmTryCompileExec1600370713.dir/build
make[1]: Entering directory `/home/nagas/roboticArm_ROS/catkin_ws/src/arm_control/CMakeFiles/CMakeTmp'
/usr/bin/cmake -E cmake_progress_report /home/nagas/roboticArm_ROS/catkin_ws/src/arm_control/CMakeFiles/CMakeTmp/CMakeFiles 1
Building C object CMakeFiles/cmTryCompileExec1600370713.dir/CheckFunctionExists.c.o
/usr/bin/cc   -DCHECK_FUNCTION_EXISTS=pthread_create   -o CMakeFiles/cmTryCompileExec1600370713.dir/CheckFunctionExists.c.o   -c /usr/share/cmake-2.8/Modules/CheckFunctionExists.c
Linking C executable cmTryCompileExec1600370713
/usr/bin/cmake -E cmake_link_script CMakeFiles/cmTryCompileExec1600370713.dir/link.txt --verbose=1
/usr/bin/cc   -DCHECK_FUNCTION_EXISTS=pthread_create    CMakeFiles/cmTryCompileExec1600370713.dir/CheckFunctionExists.c.o  -o cmTryCompileExec1600370713 -rdynamic -lpthreads 
/usr/bin/ld: cannot find -lpthreads
collect2: error: ld returned 1 exit status
make[1]: Leaving directory `/home/nagas/roboticArm_ROS/catkin_ws/src/arm_control/CMakeFiles/CMakeTmp'
make[1]: *** [cmTryCompileExec1600370713] Error 1
make: *** [cmTryCompileExec1600370713/fast] Error 2


